<?xml version="1.0" encoding="UTF-8"?>
<testsuite xmlns:xsi="http://www.w3.org/2001/XMLSchema-instance" xsi:noNamespaceSchemaLocation="https://maven.apache.org/surefire/maven-surefire-plugin/xsd/surefire-test-report.xsd" name="TestSuite" time="18.343" tests="1" errors="0" skipped="0" failures="1">
  <properties>
[...]
</properties>
  <testcase name="runScenario" classname="com.runners.RunnerClass" time="17.773">
    <failure message="invalid element state&#10;  (Session info: chrome=131.0.6778.205)&#10;Build info: version: &apos;3.12.0&apos;, revision: &apos;7c6e0b3&apos;, time: &apos;2018-05-08T14:04:26.12Z&apos;&#10;System info: host: &apos;MacBook-Pro.local&apos;, ip: &apos;192.168.1.242&apos;, os.name: &apos;Mac OS X&apos;, os.arch: &apos;aarch64&apos;, os.version: &apos;15.0.1&apos;, java.version: &apos;23.0.1&apos;&#10;Driver info: org.openqa.selenium.chrome.ChromeDriver&#10;Capabilities {acceptInsecureCerts: false, browserName: chrome, browserVersion: 131.0.6778.205, chrome: {chromedriverVersion: 131.0.6778.204 (52183f9e99a..., userDataDir: /var/folders/z5/9hqynsr96qv...}, fedcm:accounts: true, goog:chromeOptions: {debuggerAddress: localhost:62335}, javascriptEnabled: true, networkConnectionEnabled: false, pageLoadStrategy: normal, platform: MAC, platformName: MAC, proxy: Proxy(), setWindowRect: true, strictFileInteractability: false, timeouts: {implicit: 0, pageLoad: 300000, script: 30000}, unhandledPromptBehavior: dismiss and notify, webauthn:extension:credBlob: true, webauthn:extension:largeBlob: true, webauthn:extension:minPinLength: true, webauthn:extension:prf: true, webauthn:virtualAuthenticators: true}&#10;Session ID: 50ed968fbdf9da8d6aa4458f546d109e" type="org.openqa.selenium.InvalidElementStateException">org.openqa.selenium.InvalidElementStateException: 
invalid element state
  (Session info: chrome=131.0.6778.205)
Build info: version: '3.12.0', revision: '7c6e0b3', time: '2018-05-08T14:04:26.12Z'
System info: host: 'MacBook-Pro.local', ip: '192.168.1.242', os.name: 'Mac OS X', os.arch: 'aarch64', os.version: '15.0.1', java.version: '23.0.1'
Driver info: org.openqa.selenium.chrome.ChromeDriver
Capabilities {acceptInsecureCerts: false, browserName: chrome, browserVersion: 131.0.6778.205, chrome: {chromedriverVersion: 131.0.6778.204 (52183f9e99a..., userDataDir: /var/folders/z5/9hqynsr96qv...}, fedcm:accounts: true, goog:chromeOptions: {debuggerAddress: localhost:62335}, javascriptEnabled: true, networkConnectionEnabled: false, pageLoadStrategy: normal, platform: MAC, platformName: MAC, proxy: Proxy(), setWindowRect: true, strictFileInteractability: false, timeouts: {implicit: 0, pageLoad: 300000, script: 30000}, unhandledPromptBehavior: dismiss and notify, webauthn:extension:credBlob: true, webauthn:extension:largeBlob: true, webauthn:extension:minPinLength: true, webauthn:extension:prf: true, webauthn:virtualAuthenticators: true}
Session ID: 50ed968fbdf9da8d6aa4458f546d109e
</failure>
    <system-out><![CDATA[
@regression
Scenario: Register a new user and delete the account             # src/test/resources/FeatureFiles/RegisterUser.feature:4
--->>>> Initializing Driver....
Test Scenario Name : Register a new user and delete the account
  Given the browser is launched                                  # com.upskill.stepDef.AutomationExerciseSteps.the_browser_is_launched()
  And Navigate to "http://automationexercise.com"                # com.upskill.stepDef.AutomationExerciseSteps.navigate_to_automatioin_page(java.lang.String)
  Then the home page should be visible successfully              # com.upskill.stepDef.AutomationExerciseSteps.the_home_page_should_be_visible_successfully()
  When I click on 'Signup / Login' button                        # com.upskill.stepDef.AutomationExerciseSteps.click_on_signup_button()
  Then New User Signup option should be visible                  # com.upskill.stepDef.AutomationExerciseSteps.new_user_signup_option_should_be_visible()
  When I enter name "John Smith" and email "jsmith@gail.com"     # com.upskill.stepDef.AutomationExerciseSteps.i_enter_name_and_email(java.lang.String,java.lang.String)
  And I click on 'Signup' button                                 # com.upskill.stepDef.AutomationExerciseSteps.i_click_on_button()
  Then "ENTER ACCOUNT INFORMATION" should be visible             # com.upskill.stepDef.AutomationExerciseSteps.should_be_visible(java.lang.String)
Account details filled successfully.
  When I fill in the account details:                            # com.upskill.stepDef.AutomationExerciseSteps.i_fill_in_the_account_details(io.cucumber.datatable.DataTable)
  And I select the checkboxes for newsletters and special offers # com.upskill.stepDef.AutomationExerciseSteps.i_select_the_checkboxes_for_newsletters_and_special_offers()
  And I fill in the personal details:                            # com.upskill.stepDef.AutomationExerciseSteps.i_fill_in_the_personal_details(io.cucumber.datatable.DataTable)
      org.openqa.selenium.InvalidElementStateException: invalid element state
  (Session info: chrome=131.0.6778.205)
Build info: version: '3.12.0', revision: '7c6e0b3', time: '2018-05-08T14:04:26.12Z'
System info: host: 'MacBook-Pro.local', ip: '192.168.1.242', os.name: 'Mac OS X', os.arch: 'aarch64', os.version: '15.0.1', java.version: '23.0.1'
Driver info: org.openqa.selenium.chrome.ChromeDriver
Capabilities {acceptInsecureCerts: false, browserName: chrome, browserVersion: 131.0.6778.205, chrome: {chromedriverVersion: 131.0.6778.204 (52183f9e99a..., userDataDir: /var/folders/z5/9hqynsr96qv...}, fedcm:accounts: true, goog:chromeOptions: {debuggerAddress: localhost:62335}, javascriptEnabled: true, networkConnectionEnabled: false, pageLoadStrategy: normal, platform: MAC, platformName: MAC, proxy: Proxy(), setWindowRect: true, strictFileInteractability: false, timeouts: {implicit: 0, pageLoad: 300000, script: 30000}, unhandledPromptBehavior: dismiss and notify, webauthn:extension:credBlob: true, webauthn:extension:largeBlob: true, webauthn:extension:minPinLength: true, webauthn:extension:prf: true, webauthn:virtualAuthenticators: true}
Session ID: 50ed968fbdf9da8d6aa4458f546d109e
	at java.base/jdk.internal.reflect.DirectConstructorHandleAccessor.newInstance(DirectConstructorHandleAccessor.java:62)
	at java.base/java.lang.reflect.Constructor.newInstanceWithCaller(Constructor.java:501)
	at java.base/java.lang.reflect.Constructor.newInstance(Constructor.java:485)
	at org.openqa.selenium.remote.http.W3CHttpResponseCodec.createException(W3CHttpResponseCodec.java:187)
	at org.openqa.selenium.remote.http.W3CHttpResponseCodec.decode(W3CHttpResponseCodec.java:122)
	at org.openqa.selenium.remote.http.W3CHttpResponseCodec.decode(W3CHttpResponseCodec.java:49)
	at org.openqa.selenium.remote.HttpCommandExecutor.execute(HttpCommandExecutor.java:158)
	at org.openqa.selenium.remote.service.DriverCommandExecutor.execute(DriverCommandExecutor.java:83)
	at org.openqa.selenium.remote.RemoteWebDriver.execute(RemoteWebDriver.java:543)
	at org.openqa.selenium.remote.RemoteWebElement.execute(RemoteWebElement.java:276)
	at org.openqa.selenium.remote.RemoteWebElement.clear(RemoteWebElement.java:118)
	at java.base/jdk.internal.reflect.DirectMethodHandleAccessor.invoke(DirectMethodHandleAccessor.java:103)
	at java.base/java.lang.reflect.Method.invoke(Method.java:580)
	at org.openqa.selenium.support.pagefactory.internal.LocatingElementHandler.invoke(LocatingElementHandler.java:51)
	at jdk.proxy2/jdk.proxy2.$Proxy21.clear(Unknown Source)
	at com.upskill.ActionsAndVerifications.WebPageActions.accountDetails(WebPageActions.java:194)
	at com.upskill.stepDef.AutomationExerciseSteps.i_fill_in_the_personal_details(AutomationExerciseSteps.java:114)
	at ✽.I fill in the personal details:(file:///Users/shafiulahmed/eclipse-workspace/AutomationPractice/src/test/resources/FeatureFiles/RegisterUser.feature:17)

 ------Test Complete, Browser Closed 
]]></system-out>
    <system-err><![CDATA[SLF4J: No SLF4J providers were found.
SLF4J: Defaulting to no-operation (NOP) logger implementation
SLF4J: See https://www.slf4j.org/codes.html#noProviders for further details.
Starting ChromeDriver 131.0.6778.204 (52183f9e99a61056f9b78535f53d256f1516f2a0-refs/branch-heads/6778_155@{#7}) on port 16962
Only local connections are allowed.
Please see https://chromedriver.chromium.org/security-considerations for suggestions on keeping ChromeDriver safe.
ChromeDriver was started successfully on port 16962.
Dec 27, 2024 9:00:39 PM org.openqa.selenium.remote.ProtocolHandshake createSession
INFO: Detected dialect: W3C
]]></system-err>
  </testcase>
</testsuite>